Using pre-set license
Built from '2021.2/staging' branch; Version is '2021.2.3f1 (32358a8527b4) revision 3290506'; Using compiler version '192829333'; Build Type 'Release'
OS: 'Windows 10 Home Single Language; OS build 19043.1415; Version 2009; 64bit' Language: 'en' Physical Memory: 8080 MB
BatchMode: 1, IsHumanControllingUs: 0, StartBugReporterOnCrash: 0, Is64bit: 1, IsPro: 0

COMMAND LINE ARGUMENTS:
C:\Program Files\Unity\Hub\Editor\2021.2.3f1\Editor\Unity.exe
-adb2
-batchMode
-noUpm
-name
AssetImportWorker1
-projectPath
F:/Unity projects/Quiz 2
-logFile
Logs/AssetImportWorker1.log
-srvPort
64283
Successfully changed project path to: F:/Unity projects/Quiz 2
F:/Unity projects/Quiz 2
[UnityMemory] Configuration Parameters - Can be set up in boot.config
    "memorysetup-bucket-allocator-granularity=16"
    "memorysetup-bucket-allocator-bucket-count=8"
    "memorysetup-bucket-allocator-block-size=33554432"
    "memorysetup-bucket-allocator-block-count=8"
    "memorysetup-main-allocator-block-size=16777216"
    "memorysetup-thread-allocator-block-size=16777216"
    "memorysetup-gfx-main-allocator-block-size=16777216"
    "memorysetup-gfx-thread-allocator-block-size=16777216"
    "memorysetup-cache-allocator-block-size=4194304"
    "memorysetup-typetree-allocator-block-size=2097152"
    "memorysetup-profiler-bucket-allocator-granularity=16"
    "memorysetup-profiler-bucket-allocator-bucket-count=8"
    "memorysetup-profiler-bucket-allocator-block-size=33554432"
    "memorysetup-profiler-bucket-allocator-block-count=8"
    "memorysetup-profiler-allocator-block-size=16777216"
    "memorysetup-profiler-editor-allocator-block-size=1048576"
    "memorysetup-temp-allocator-size-main=16777216"
    "memorysetup-job-temp-allocator-block-size=2097152"
    "memorysetup-job-temp-allocator-block-size-background=1048576"
    "memorysetup-job-temp-allocator-reduction-small-platforms=262144"
    "memorysetup-temp-allocator-size-background-worker=32768"
    "memorysetup-temp-allocator-size-job-worker=262144"
    "memorysetup-temp-allocator-size-preload-manager=33554432"
    "memorysetup-temp-allocator-size-nav-mesh-worker=65536"
    "memorysetup-temp-allocator-size-audio-worker=65536"
    "memorysetup-temp-allocator-size-cloud-worker=32768"
    "memorysetup-temp-allocator-size-gi-baking-worker=262144"
    "memorysetup-temp-allocator-size-gfx=262144"
Refreshing native plugins compatible for Editor in 181.59 ms, found 3 plugins.
Preloading 0 native plugins for Editor in 0.00 ms.
Initialize engine version: 2021.2.3f1 (32358a8527b4)
[Subsystems] Discovering subsystems at path C:/Program Files/Unity/Hub/Editor/2021.2.3f1/Editor/Data/Resources/UnitySubsystems
[Subsystems] Discovering subsystems at path F:/Unity projects/Quiz 2/Assets
GfxDevice: creating device client; threaded=0; jobified=0
Direct3D:
    Version:  Direct3D 11.0 [level 11.0]
    Renderer: NVIDIA GeForce GTX 950M (ID=0x139a)
    Vendor:   NVIDIA
    VRAM:     4055 MB
    Driver:   27.21.14.6611
Initialize mono
Mono path[0] = 'C:/Program Files/Unity/Hub/Editor/2021.2.3f1/Editor/Data/Managed'
Mono path[1] = 'C:/Program Files/Unity/Hub/Editor/2021.2.3f1/Editor/Data/MonoBleedingEdge/lib/mono/unityjit-win32'
Mono config path = 'C:/Program Files/Unity/Hub/Editor/2021.2.3f1/Editor/Data/MonoBleedingEdge/etc'
Using monoOptions --debugger-agent=transport=dt_socket,embedding=1,server=y,suspend=n,address=127.0.0.1:56144
Begin MonoManager ReloadAssembly
Registering precompiled unity dll's ...
Register platform support module: C:/Program Files/Unity/Hub/Editor/2021.2.3f1/Editor/Data/PlaybackEngines/WebGLSupport/UnityEditor.WebGL.Extensions.dll
Register platform support module: C:/Program Files/Unity/Hub/Editor/2021.2.3f1/Editor/Data/PlaybackEngines/WindowsStandaloneSupport/UnityEditor.WindowsStandalone.Extensions.dll
Registered in 0.024878 seconds.
Native extension for WindowsStandalone target not found
Native extension for WebGL target not found
Refreshing native plugins compatible for Editor in 207.82 ms, found 3 plugins.
Preloading 0 native plugins for Editor in 0.00 ms.
Mono: successfully reloaded assembly
- Completed reload, in  1.602 seconds
Domain Reload Profiling:
	ReloadAssembly (1603ms)
		BeginReloadAssembly (188ms)
			ExecutionOrderSort (0ms)
			DisableScriptedObjects (0ms)
			BackupInstance (0ms)
			ReleaseScriptingObjects (0ms)
			CreateAndSetChildDomain (2ms)
		EndReloadAssembly (1178ms)
			LoadAssemblies (182ms)
			RebuildTransferFunctionScriptingTraits (0ms)
			SetupTypeCache (317ms)
			ReleaseScriptCaches (0ms)
			RebuildScriptCaches (68ms)
			SetupLoadedEditorAssemblies (668ms)
				LogAssemblyErrors (0ms)
				InitializePlatformSupportModulesInManaged (36ms)
				SetLoadedEditorAssemblies (1ms)
				RefreshPlugins (208ms)
				BeforeProcessingInitializeOnLoad (3ms)
				ProcessInitializeOnLoadAttributes (297ms)
				ProcessInitializeOnLoadMethodAttributes (123ms)
				AfterProcessingInitializeOnLoad (0ms)
				EditorAssembliesLoaded (0ms)
			ExecutionOrderSort2 (0ms)
			AwakeInstancesAfterBackupRestoration (0ms)
Platform modules already initialized, skipping
Registering precompiled user dll's ...
Registered in 0.010299 seconds.
Begin MonoManager ReloadAssembly
Symbol file LoadedFromMemory doesn't match image F:\Unity projects\Quiz 2\Library\PackageCache\com.unity.visualscripting@1.7.5\Editor\VisualScripting.Core\Dependencies\YamlDotNet\Unity.VisualScripting.YamlDotNet.dll
Symbol file LoadedFromMemory doesn't match image F:\Unity projects\Quiz 2\Library\PackageCache\com.unity.visualscripting@1.7.5\Editor\VisualScripting.Core\Dependencies\DotNetZip\Unity.VisualScripting.IonicZip.dll
Native extension for WindowsStandalone target not found
Native extension for WebGL target not found
Refreshing native plugins compatible for Editor in 1.06 ms, found 3 plugins.
Preloading 0 native plugins for Editor in 0.00 ms.
Mono: successfully reloaded assembly
- Completed reload, in  3.319 seconds
Domain Reload Profiling:
	ReloadAssembly (3323ms)
		BeginReloadAssembly (795ms)
			ExecutionOrderSort (0ms)
			DisableScriptedObjects (21ms)
			BackupInstance (0ms)
			ReleaseScriptingObjects (0ms)
			CreateAndSetChildDomain (61ms)
		EndReloadAssembly (2232ms)
			LoadAssemblies (245ms)
			RebuildTransferFunctionScriptingTraits (0ms)
			SetupTypeCache (760ms)
			ReleaseScriptCaches (1ms)
			RebuildScriptCaches (107ms)
			SetupLoadedEditorAssemblies (904ms)
				LogAssemblyErrors (0ms)
				InitializePlatformSupportModulesInManaged (33ms)
				SetLoadedEditorAssemblies (1ms)
				RefreshPlugins (1ms)
				BeforeProcessingInitializeOnLoad (186ms)
				ProcessInitializeOnLoadAttributes (605ms)
				ProcessInitializeOnLoadMethodAttributes (60ms)
				AfterProcessingInitializeOnLoad (18ms)
				EditorAssembliesLoaded (0ms)
			ExecutionOrderSort2 (0ms)
			AwakeInstancesAfterBackupRestoration (19ms)
Platform modules already initialized, skipping
========================================================================
Worker process is ready to serve import requests
Launched and connected shader compiler UnityShaderCompiler.exe after 0.21 seconds
Refreshing native plugins compatible for Editor in 2.67 ms, found 3 plugins.
Preloading 0 native plugins for Editor in 0.00 ms.
Unloading 3210 Unused Serialized files (Serialized files now loaded: 0)
Unloading 26 unused Assets / (112.0 KB). Loaded Objects now: 3666.
Memory consumption went from 114.4 MB to 114.3 MB.
Total: 6.494900 ms (FindLiveObjects: 0.565100 ms CreateObjectMapping: 0.591700 ms MarkObjects: 5.151900 ms  DeleteObjects: 0.184300 ms)

AssetImportParameters requested are different than current active one (requested -> active):
  custom:video-decoder-ogg-theora: a1e56fd34408186e4bbccfd4996cb3dc -> 
  custom:container-muxer-webm: aa71ff27fc2769a1b78a27578f13a17b -> 
  custom:container-demuxer-webm: 4f35f7cbe854078d1ac9338744f61a02 -> 
  custom:video-encoder-webm-vp8: eb34c28f22e8b96e1ab97ce403110664 -> 
  custom:audio-encoder-webm-vorbis: bf7c407c2cedff20999df2af8eb42d56 -> 
  custom:framework-win-MediaFoundation: 216162199b28c13a410421893ffa2e32 -> 
  custom:container-demuxer-ogg: 62fdf1f143b41e24485cea50d1cbac27 -> 
  custom:video-decoder-webm-vp8: 9c59270c3fd7afecdb556c50c9e8de78 -> 
  custom:audio-decoder-ogg-vorbis: bf7c407c2cedff20999df2af8eb42d56 -> 
========================================================================
Received Import Request.
  Time since last request: 25987.576611 seconds.
  path: Assets/Assets/Materials/grass.mat
  artifactKey: Guid(919a75d501e68344d85df9e577e7bef2) Importer(815301076,1909f56bfc062723c751e8b465ee728b)
Start importing Assets/Assets/Materials/grass.mat using Guid(919a75d501e68344d85df9e577e7bef2) Importer(815301076,1909f56bfc062723c751e8b465ee728b)  -> (artifact id: '98a897c731a1306592306b1a18e2c1f3') in 0.446712 seconds 
========================================================================
Received Import Request.
  Time since last request: 0.000087 seconds.
  path: Assets/Assets/Materials/circus1.mat
  artifactKey: Guid(a23005d10d75a9743b1c7add4cc8a97e) Importer(815301076,1909f56bfc062723c751e8b465ee728b)
Start importing Assets/Assets/Materials/circus1.mat using Guid(a23005d10d75a9743b1c7add4cc8a97e) Importer(815301076,1909f56bfc062723c751e8b465ee728b)  -> (artifact id: '95005c70bd011816739883176860482c') in 0.160210 seconds 
========================================================================
Received Import Request.
  Time since last request: 679.028440 seconds.
  path: Assets/Assets/Materials/red.mat
  artifactKey: Guid(515bcb27e86eb214ab1ac3ee041b929a) Importer(815301076,1909f56bfc062723c751e8b465ee728b)
Start importing Assets/Assets/Materials/red.mat using Guid(515bcb27e86eb214ab1ac3ee041b929a) Importer(815301076,1909f56bfc062723c751e8b465ee728b)  -> (artifact id: '07a361fbc6271b29f655bcb4e798472f') in 0.035523 seconds 
========================================================================
Received Import Request.
  Time since last request: 228.787656 seconds.
  path: Assets/Assets/black texture 1.jpg
  artifactKey: Guid(65ca737e872c6084f949a1b09e6614d0) Importer(815301076,1909f56bfc062723c751e8b465ee728b)
Start importing Assets/Assets/black texture 1.jpg using Guid(65ca737e872c6084f949a1b09e6614d0) Importer(815301076,1909f56bfc062723c751e8b465ee728b)  -> (artifact id: 'fc10f4e4d34717dc83201108ca935354') in 0.115065 seconds 
========================================================================
Received Import Request.
  Time since last request: 166.599529 seconds.
  path: Assets/Assets/Prefabs/FerrisWheel.prefab
  artifactKey: Guid(ae653508c8d9f014691964691a1aeec3) Importer(815301076,1909f56bfc062723c751e8b465ee728b)
Start importing Assets/Assets/Prefabs/FerrisWheel.prefab using Guid(ae653508c8d9f014691964691a1aeec3) Importer(815301076,1909f56bfc062723c751e8b465ee728b)  -> (artifact id: '8bebcdfc88cb0b6ca099433c432ac639') in 0.059285 seconds 
========================================================================
Received Import Request.
  Time since last request: 132.844983 seconds.
  path: Assets/Assets/Materials/Light brown.jpg
  artifactKey: Guid(862e51620524e8a4a97edc273cbfe2f6) Importer(815301076,1909f56bfc062723c751e8b465ee728b)
Start importing Assets/Assets/Materials/Light brown.jpg using Guid(862e51620524e8a4a97edc273cbfe2f6) Importer(815301076,1909f56bfc062723c751e8b465ee728b)  -> (artifact id: 'eb007ce7969153c7945dd906abb4609e') in 0.071668 seconds 
========================================================================
Received Import Request.
  Time since last request: 34.465736 seconds.
  path: Assets/Assets/Materials/Materials/cement.mat
  artifactKey: Guid(ee28d20317f3f164c9639c3536331694) Importer(815301076,1909f56bfc062723c751e8b465ee728b)
Start importing Assets/Assets/Materials/Materials/cement.mat using Guid(ee28d20317f3f164c9639c3536331694) Importer(815301076,1909f56bfc062723c751e8b465ee728b)  -> (artifact id: '655a0728ce544aad2d6fc0fbbd5f0475') in 0.053823 seconds 
========================================================================
Received Import Request.
  Time since last request: 1676.923939 seconds.
  path: Assets/Assets/light blue.png
  artifactKey: Guid(f274719173a853b46830e648364c68c1) Importer(815301076,1909f56bfc062723c751e8b465ee728b)
Start importing Assets/Assets/light blue.png using Guid(f274719173a853b46830e648364c68c1) Importer(815301076,1909f56bfc062723c751e8b465ee728b)  -> (artifact id: '4af1d467c8122ce927e28a8da2f47283') in 0.105266 seconds 
========================================================================
Received Import Request.
  Time since last request: 0.000055 seconds.
  path: Assets/Assets/purple red.jpg
  artifactKey: Guid(3a73610169628384495b3605e86a5a5b) Importer(815301076,1909f56bfc062723c751e8b465ee728b)
Start importing Assets/Assets/purple red.jpg using Guid(3a73610169628384495b3605e86a5a5b) Importer(815301076,1909f56bfc062723c751e8b465ee728b)  -> (artifact id: 'd6e84396a731d3b5ea7170196d7ac259') in 0.051930 seconds 
