Using pre-set license
Built from '2021.2/staging' branch; Version is '2021.2.3f1 (32358a8527b4) revision 3290506'; Using compiler version '192829333'; Build Type 'Release'
OS: 'Windows 10 Home Single Language; OS build 19043.1415; Version 2009; 64bit' Language: 'en' Physical Memory: 8080 MB
BatchMode: 1, IsHumanControllingUs: 0, StartBugReporterOnCrash: 0, Is64bit: 1, IsPro: 0

COMMAND LINE ARGUMENTS:
C:\Program Files\Unity\Hub\Editor\2021.2.3f1\Editor\Unity.exe
-adb2
-batchMode
-noUpm
-name
AssetImportWorker0
-projectPath
F:/Unity projects/Quiz 2
-logFile
Logs/AssetImportWorker0.log
-srvPort
64283
Successfully changed project path to: F:/Unity projects/Quiz 2
F:/Unity projects/Quiz 2
[UnityMemory] Configuration Parameters - Can be set up in boot.config
    "memorysetup-bucket-allocator-granularity=16"
    "memorysetup-bucket-allocator-bucket-count=8"
    "memorysetup-bucket-allocator-block-size=33554432"
    "memorysetup-bucket-allocator-block-count=8"
    "memorysetup-main-allocator-block-size=16777216"
    "memorysetup-thread-allocator-block-size=16777216"
    "memorysetup-gfx-main-allocator-block-size=16777216"
    "memorysetup-gfx-thread-allocator-block-size=16777216"
    "memorysetup-cache-allocator-block-size=4194304"
    "memorysetup-typetree-allocator-block-size=2097152"
    "memorysetup-profiler-bucket-allocator-granularity=16"
    "memorysetup-profiler-bucket-allocator-bucket-count=8"
    "memorysetup-profiler-bucket-allocator-block-size=33554432"
    "memorysetup-profiler-bucket-allocator-block-count=8"
    "memorysetup-profiler-allocator-block-size=16777216"
    "memorysetup-profiler-editor-allocator-block-size=1048576"
    "memorysetup-temp-allocator-size-main=16777216"
    "memorysetup-job-temp-allocator-block-size=2097152"
    "memorysetup-job-temp-allocator-block-size-background=1048576"
    "memorysetup-job-temp-allocator-reduction-small-platforms=262144"
    "memorysetup-temp-allocator-size-background-worker=32768"
    "memorysetup-temp-allocator-size-job-worker=262144"
    "memorysetup-temp-allocator-size-preload-manager=33554432"
    "memorysetup-temp-allocator-size-nav-mesh-worker=65536"
    "memorysetup-temp-allocator-size-audio-worker=65536"
    "memorysetup-temp-allocator-size-cloud-worker=32768"
    "memorysetup-temp-allocator-size-gi-baking-worker=262144"
    "memorysetup-temp-allocator-size-gfx=262144"
Refreshing native plugins compatible for Editor in 182.97 ms, found 3 plugins.
Preloading 0 native plugins for Editor in 0.00 ms.
Initialize engine version: 2021.2.3f1 (32358a8527b4)
[Subsystems] Discovering subsystems at path C:/Program Files/Unity/Hub/Editor/2021.2.3f1/Editor/Data/Resources/UnitySubsystems
[Subsystems] Discovering subsystems at path F:/Unity projects/Quiz 2/Assets
GfxDevice: creating device client; threaded=0; jobified=0
Direct3D:
    Version:  Direct3D 11.0 [level 11.0]
    Renderer: NVIDIA GeForce GTX 950M (ID=0x139a)
    Vendor:   NVIDIA
    VRAM:     4055 MB
    Driver:   27.21.14.6611
Initialize mono
Mono path[0] = 'C:/Program Files/Unity/Hub/Editor/2021.2.3f1/Editor/Data/Managed'
Mono path[1] = 'C:/Program Files/Unity/Hub/Editor/2021.2.3f1/Editor/Data/MonoBleedingEdge/lib/mono/unityjit-win32'
Mono config path = 'C:/Program Files/Unity/Hub/Editor/2021.2.3f1/Editor/Data/MonoBleedingEdge/etc'
Using monoOptions --debugger-agent=transport=dt_socket,embedding=1,server=y,suspend=n,address=127.0.0.1:56296
Begin MonoManager ReloadAssembly
Registering precompiled unity dll's ...
Register platform support module: C:/Program Files/Unity/Hub/Editor/2021.2.3f1/Editor/Data/PlaybackEngines/WebGLSupport/UnityEditor.WebGL.Extensions.dll
Register platform support module: C:/Program Files/Unity/Hub/Editor/2021.2.3f1/Editor/Data/PlaybackEngines/WindowsStandaloneSupport/UnityEditor.WindowsStandalone.Extensions.dll
Registered in 0.026325 seconds.
Native extension for WindowsStandalone target not found
Native extension for WebGL target not found
Refreshing native plugins compatible for Editor in 208.72 ms, found 3 plugins.
Preloading 0 native plugins for Editor in 0.00 ms.
Mono: successfully reloaded assembly
- Completed reload, in  1.601 seconds
Domain Reload Profiling:
	ReloadAssembly (1602ms)
		BeginReloadAssembly (191ms)
			ExecutionOrderSort (0ms)
			DisableScriptedObjects (0ms)
			BackupInstance (0ms)
			ReleaseScriptingObjects (0ms)
			CreateAndSetChildDomain (2ms)
		EndReloadAssembly (1176ms)
			LoadAssemblies (185ms)
			RebuildTransferFunctionScriptingTraits (0ms)
			SetupTypeCache (311ms)
			ReleaseScriptCaches (0ms)
			RebuildScriptCaches (69ms)
			SetupLoadedEditorAssemblies (671ms)
				LogAssemblyErrors (0ms)
				InitializePlatformSupportModulesInManaged (35ms)
				SetLoadedEditorAssemblies (0ms)
				RefreshPlugins (209ms)
				BeforeProcessingInitializeOnLoad (3ms)
				ProcessInitializeOnLoadAttributes (299ms)
				ProcessInitializeOnLoadMethodAttributes (124ms)
				AfterProcessingInitializeOnLoad (0ms)
				EditorAssembliesLoaded (0ms)
			ExecutionOrderSort2 (0ms)
			AwakeInstancesAfterBackupRestoration (0ms)
Platform modules already initialized, skipping
Registering precompiled user dll's ...
Registered in 0.011243 seconds.
Begin MonoManager ReloadAssembly
Symbol file LoadedFromMemory doesn't match image F:\Unity projects\Quiz 2\Library\PackageCache\com.unity.visualscripting@1.7.5\Editor\VisualScripting.Core\Dependencies\YamlDotNet\Unity.VisualScripting.YamlDotNet.dll
Symbol file LoadedFromMemory doesn't match image F:\Unity projects\Quiz 2\Library\PackageCache\com.unity.visualscripting@1.7.5\Editor\VisualScripting.Core\Dependencies\DotNetZip\Unity.VisualScripting.IonicZip.dll
Native extension for WindowsStandalone target not found
Native extension for WebGL target not found
Refreshing native plugins compatible for Editor in 1.02 ms, found 3 plugins.
Preloading 0 native plugins for Editor in 0.00 ms.
Mono: successfully reloaded assembly
- Completed reload, in  3.304 seconds
Domain Reload Profiling:
	ReloadAssembly (3306ms)
		BeginReloadAssembly (750ms)
			ExecutionOrderSort (0ms)
			DisableScriptedObjects (23ms)
			BackupInstance (0ms)
			ReleaseScriptingObjects (1ms)
			CreateAndSetChildDomain (66ms)
		EndReloadAssembly (2258ms)
			LoadAssemblies (254ms)
			RebuildTransferFunctionScriptingTraits (0ms)
			SetupTypeCache (765ms)
			ReleaseScriptCaches (1ms)
			RebuildScriptCaches (102ms)
			SetupLoadedEditorAssemblies (919ms)
				LogAssemblyErrors (0ms)
				InitializePlatformSupportModulesInManaged (35ms)
				SetLoadedEditorAssemblies (1ms)
				RefreshPlugins (1ms)
				BeforeProcessingInitializeOnLoad (188ms)
				ProcessInitializeOnLoadAttributes (602ms)
				ProcessInitializeOnLoadMethodAttributes (72ms)
				AfterProcessingInitializeOnLoad (19ms)
				EditorAssembliesLoaded (0ms)
			ExecutionOrderSort2 (0ms)
			AwakeInstancesAfterBackupRestoration (15ms)
Platform modules already initialized, skipping
========================================================================
Worker process is ready to serve import requests
Launched and connected shader compiler UnityShaderCompiler.exe after 0.22 seconds
Refreshing native plugins compatible for Editor in 2.27 ms, found 3 plugins.
Preloading 0 native plugins for Editor in 0.00 ms.
Unloading 3210 Unused Serialized files (Serialized files now loaded: 0)
Unloading 26 unused Assets / (112.0 KB). Loaded Objects now: 3666.
Memory consumption went from 114.4 MB to 114.3 MB.
Total: 6.812200 ms (FindLiveObjects: 0.644600 ms CreateObjectMapping: 0.618600 ms MarkObjects: 5.363800 ms  DeleteObjects: 0.182900 ms)

AssetImportParameters requested are different than current active one (requested -> active):
  custom:video-decoder-ogg-theora: a1e56fd34408186e4bbccfd4996cb3dc -> 
  custom:container-muxer-webm: aa71ff27fc2769a1b78a27578f13a17b -> 
  custom:container-demuxer-webm: 4f35f7cbe854078d1ac9338744f61a02 -> 
  custom:video-encoder-webm-vp8: eb34c28f22e8b96e1ab97ce403110664 -> 
  custom:audio-encoder-webm-vorbis: bf7c407c2cedff20999df2af8eb42d56 -> 
  custom:framework-win-MediaFoundation: 216162199b28c13a410421893ffa2e32 -> 
  custom:container-demuxer-ogg: 62fdf1f143b41e24485cea50d1cbac27 -> 
  custom:video-decoder-webm-vp8: 9c59270c3fd7afecdb556c50c9e8de78 -> 
  custom:audio-decoder-ogg-vorbis: bf7c407c2cedff20999df2af8eb42d56 -> 
========================================================================
Received Import Request.
  Time since last request: 25987.577706 seconds.
  path: Assets/Assets/Materials/circus_entrance.mat
  artifactKey: Guid(b2b60cd468768fb45940361240c127db) Importer(815301076,1909f56bfc062723c751e8b465ee728b)
Start importing Assets/Assets/Materials/circus_entrance.mat using Guid(b2b60cd468768fb45940361240c127db) Importer(815301076,1909f56bfc062723c751e8b465ee728b)  -> (artifact id: '7b43b52837a4edba8e0db281cd03c63f') in 0.367529 seconds 
========================================================================
Received Import Request.
  Time since last request: 0.000058 seconds.
  path: Assets/Assets/Materials/circus.mat
  artifactKey: Guid(dc6b5acf5e30d9c4980b218d7cfc8857) Importer(815301076,1909f56bfc062723c751e8b465ee728b)
Start importing Assets/Assets/Materials/circus.mat using Guid(dc6b5acf5e30d9c4980b218d7cfc8857) Importer(815301076,1909f56bfc062723c751e8b465ee728b)  -> (artifact id: 'a27dd9d37276b549f00fe6f98609a125') in 0.126826 seconds 
========================================================================
Received Import Request.
  Time since last request: 0.000066 seconds.
  path: Assets/Assets/Materials/ground01.mat
  artifactKey: Guid(de590653723fef4438b85d29bf3aa2fc) Importer(815301076,1909f56bfc062723c751e8b465ee728b)
Start importing Assets/Assets/Materials/ground01.mat using Guid(de590653723fef4438b85d29bf3aa2fc) Importer(815301076,1909f56bfc062723c751e8b465ee728b)  -> (artifact id: '625f9b531f3e978106ab187c1955f8b1') in 0.163022 seconds 
========================================================================
Received Import Request.
  Time since last request: 251.369458 seconds.
  path: Assets/Assets/Prefabs/Rollercoaster_Side.prefab
  artifactKey: Guid(f4e1ec3043d4ca543b33df955c5521ea) Importer(815301076,1909f56bfc062723c751e8b465ee728b)
Start importing Assets/Assets/Prefabs/Rollercoaster_Side.prefab using Guid(f4e1ec3043d4ca543b33df955c5521ea) Importer(815301076,1909f56bfc062723c751e8b465ee728b)  -> (artifact id: 'be16659771be02f40e44df2e24f59dec') in 0.037884 seconds 
========================================================================
Received Import Request.
  Time since last request: 38.320307 seconds.
  path: Assets/Assets/Prefabs/RollercoasteR_Support.prefab
  artifactKey: Guid(9a26929cffae2b949b4d64dd5e25e7f4) Importer(815301076,1909f56bfc062723c751e8b465ee728b)
Start importing Assets/Assets/Prefabs/RollercoasteR_Support.prefab using Guid(9a26929cffae2b949b4d64dd5e25e7f4) Importer(815301076,1909f56bfc062723c751e8b465ee728b)  -> (artifact id: 'a4439c66c0358735033cf4f6a5923adf') in 0.017910 seconds 
========================================================================
Received Import Request.
  Time since last request: 35.411304 seconds.
  path: Assets/Assets/Prefabs/Rollercoaster_part.prefab
  artifactKey: Guid(cd24cae4d976b8b469c4d5884fb69a91) Importer(815301076,1909f56bfc062723c751e8b465ee728b)
Start importing Assets/Assets/Prefabs/Rollercoaster_part.prefab using Guid(cd24cae4d976b8b469c4d5884fb69a91) Importer(815301076,1909f56bfc062723c751e8b465ee728b)  -> (artifact id: '31dc7a8ff424f83fb6a8b6d011837408') in 0.019549 seconds 
========================================================================
Received Import Request.
  Time since last request: 112.796221 seconds.
  path: Assets/Assets/red.jpg
  artifactKey: Guid(555a8d27fef89a842aa8d7cbbf001c43) Importer(815301076,1909f56bfc062723c751e8b465ee728b)
Start importing Assets/Assets/red.jpg using Guid(555a8d27fef89a842aa8d7cbbf001c43) Importer(815301076,1909f56bfc062723c751e8b465ee728b)  -> (artifact id: '090cf2e99dc7e755719c4e3eb92272fb') in 0.072266 seconds 
========================================================================
Received Import Request.
  Time since last request: 119.999319 seconds.
  path: Assets/Assets/black texture.jpg
  artifactKey: Guid(f3c0b43e53831164da806d6d99e17142) Importer(815301076,1909f56bfc062723c751e8b465ee728b)
Start importing Assets/Assets/black texture.jpg using Guid(f3c0b43e53831164da806d6d99e17142) Importer(815301076,1909f56bfc062723c751e8b465ee728b)  -> (artifact id: 'f891c5eac044a668ae55865b22595dd7') in 0.055067 seconds 
========================================================================
Received Import Request.
  Time since last request: 120.689605 seconds.
  path: Assets/Assets/Materials/black texture.mat
  artifactKey: Guid(5f9a2de7b4d0ea04a9c1373c21c094ea) Importer(815301076,1909f56bfc062723c751e8b465ee728b)
Start importing Assets/Assets/Materials/black texture.mat using Guid(5f9a2de7b4d0ea04a9c1373c21c094ea) Importer(815301076,1909f56bfc062723c751e8b465ee728b)  -> (artifact id: 'fb4b8b5fde80b33a5cf5a5106ae8675a') in 0.035507 seconds 
========================================================================
Received Import Request.
  Time since last request: 216.395381 seconds.
  path: Assets/Assets/blue.png
  artifactKey: Guid(ee0043770434ac24b86534574d082549) Importer(815301076,1909f56bfc062723c751e8b465ee728b)
Start importing Assets/Assets/blue.png using Guid(ee0043770434ac24b86534574d082549) Importer(815301076,1909f56bfc062723c751e8b465ee728b)  -> (artifact id: '1d6f0f82f4cd5de4ac0cde73959283a0') in 0.027573 seconds 
========================================================================
Received Import Request.
  Time since last request: 12.347276 seconds.
  path: Assets/Assets/beige.jpg
  artifactKey: Guid(01abc62eb7ea2a1449f77966beafe54a) Importer(815301076,1909f56bfc062723c751e8b465ee728b)
Start importing Assets/Assets/beige.jpg using Guid(01abc62eb7ea2a1449f77966beafe54a) Importer(815301076,1909f56bfc062723c751e8b465ee728b)  -> (artifact id: 'd7ef56cf816d98bebdf73ead8b342b53') in 0.038637 seconds 
========================================================================
Received Import Request.
  Time since last request: 0.000063 seconds.
  path: Assets/Assets/red 1.jpg
  artifactKey: Guid(24640c288893cc4408fb131cac0a29ad) Importer(815301076,1909f56bfc062723c751e8b465ee728b)
Start importing Assets/Assets/red 1.jpg using Guid(24640c288893cc4408fb131cac0a29ad) Importer(815301076,1909f56bfc062723c751e8b465ee728b)  -> (artifact id: '1e27d3fe7ecc6d748cdfefdfe162f72b') in 0.034527 seconds 
========================================================================
Received Import Request.
  Time since last request: 31.185757 seconds.
  path: Assets/Assets/Materials/beige.mat
  artifactKey: Guid(79365037e0118a848bb324b96d9802e1) Importer(815301076,1909f56bfc062723c751e8b465ee728b)
Start importing Assets/Assets/Materials/beige.mat using Guid(79365037e0118a848bb324b96d9802e1) Importer(815301076,1909f56bfc062723c751e8b465ee728b)  -> (artifact id: '056d42e06f5717a8bae7c41debe74aa4') in 0.018601 seconds 
========================================================================
Received Import Request.
  Time since last request: 88.165316 seconds.
  path: Assets/Assets/Prefabs/FerrisWheel.prefab
  artifactKey: Guid(ae653508c8d9f014691964691a1aeec3) Importer(815301076,1909f56bfc062723c751e8b465ee728b)
Start importing Assets/Assets/Prefabs/FerrisWheel.prefab using Guid(ae653508c8d9f014691964691a1aeec3) Importer(815301076,1909f56bfc062723c751e8b465ee728b)  -> (artifact id: '579535f9eed49f0b7cd9720a9d2b9eb7') in 0.057519 seconds 
========================================================================
Received Import Request.
  Time since last request: 2.085023 seconds.
  path: Assets/Assets/Materials/blue.mat
  artifactKey: Guid(819ab9302729ef54ba5b7f0339fc19cc) Importer(815301076,1909f56bfc062723c751e8b465ee728b)
Start importing Assets/Assets/Materials/blue.mat using Guid(819ab9302729ef54ba5b7f0339fc19cc) Importer(815301076,1909f56bfc062723c751e8b465ee728b)  -> (artifact id: 'bb15e69a8ee08b06822786f9dadf8e58') in 0.015156 seconds 
========================================================================
Received Import Request.
  Time since last request: 37.629063 seconds.
  path: Assets/Assets/oxford blue.png
  artifactKey: Guid(8d6ca52458830424982604c9c20441e8) Importer(815301076,1909f56bfc062723c751e8b465ee728b)
Start importing Assets/Assets/oxford blue.png using Guid(8d6ca52458830424982604c9c20441e8) Importer(815301076,1909f56bfc062723c751e8b465ee728b)  -> (artifact id: '0d41e8ced55488b8574a1ae5a8ccb39b') in 0.022883 seconds 
========================================================================
Received Import Request.
  Time since last request: 7.310038 seconds.
  path: Assets/Assets/Prefabs/Chair.prefab
  artifactKey: Guid(9fed3687ab4b9ba40ae763f7cb9a0876) Importer(815301076,1909f56bfc062723c751e8b465ee728b)
Start importing Assets/Assets/Prefabs/Chair.prefab using Guid(9fed3687ab4b9ba40ae763f7cb9a0876) Importer(815301076,1909f56bfc062723c751e8b465ee728b)  -> (artifact id: '24fc08273f20a527534df533e13b4bcd') in 0.016745 seconds 
========================================================================
Received Import Request.
  Time since last request: 28.376375 seconds.
  path: Assets/Assets/Materials/oxford blue.mat
  artifactKey: Guid(53b9f48b4aba6db47955b9f8169d555b) Importer(815301076,1909f56bfc062723c751e8b465ee728b)
Start importing Assets/Assets/Materials/oxford blue.mat using Guid(53b9f48b4aba6db47955b9f8169d555b) Importer(815301076,1909f56bfc062723c751e8b465ee728b)  -> (artifact id: '861146709f974709185ada1a4b3a04ba') in 0.024690 seconds 
========================================================================
Received Import Request.
  Time since last request: 1.242448 seconds.
  path: Assets/Assets/Prefabs/FerrisWheel.prefab
  artifactKey: Guid(ae653508c8d9f014691964691a1aeec3) Importer(815301076,1909f56bfc062723c751e8b465ee728b)
Start importing Assets/Assets/Prefabs/FerrisWheel.prefab using Guid(ae653508c8d9f014691964691a1aeec3) Importer(815301076,1909f56bfc062723c751e8b465ee728b)  -> (artifact id: '4f2e312328a21e9c2d9d5cb0f6e4bb4c') in 0.023971 seconds 
========================================================================
Received Import Request.
  Time since last request: 8.932479 seconds.
  path: Assets/Assets/Prefabs/FloorPath.prefab
  artifactKey: Guid(abab171bbcec3f24591f9d817fef36d7) Importer(815301076,1909f56bfc062723c751e8b465ee728b)
Start importing Assets/Assets/Prefabs/FloorPath.prefab using Guid(abab171bbcec3f24591f9d817fef36d7) Importer(815301076,1909f56bfc062723c751e8b465ee728b)  -> (artifact id: 'b2bb7bc8de345d9e9c0841e6eee7182f') in 0.037161 seconds 
========================================================================
Received Import Request.
  Time since last request: 94.119336 seconds.
  path: Assets/Assets/Materials/cement.jpg
  artifactKey: Guid(ccc5b8f217234fc4bb857e2585844808) Importer(815301076,1909f56bfc062723c751e8b465ee728b)
Start importing Assets/Assets/Materials/cement.jpg using Guid(ccc5b8f217234fc4bb857e2585844808) Importer(815301076,1909f56bfc062723c751e8b465ee728b)  -> (artifact id: 'db873fe7d8dfb540a4cb8a219c14bcad') in 0.061427 seconds 
========================================================================
Received Import Request.
  Time since last request: 34.397056 seconds.
  path: Assets/Assets/Materials/Materials
  artifactKey: Guid(be188466d51b4e2459ea3d5aa15d1f73) Importer(815301076,1909f56bfc062723c751e8b465ee728b)
Start importing Assets/Assets/Materials/Materials using Guid(be188466d51b4e2459ea3d5aa15d1f73) Importer(815301076,1909f56bfc062723c751e8b465ee728b)  -> (artifact id: '60763a26c047588cd0d4a6758e80fd74') in 0.023949 seconds 
========================================================================
Received Import Request.
  Time since last request: 20.591393 seconds.
  path: Assets/Assets/Materials/Materials/cement.mat
  artifactKey: Guid(ee28d20317f3f164c9639c3536331694) Importer(815301076,1909f56bfc062723c751e8b465ee728b)
Start importing Assets/Assets/Materials/Materials/cement.mat using Guid(ee28d20317f3f164c9639c3536331694) Importer(815301076,1909f56bfc062723c751e8b465ee728b)  -> (artifact id: '5daaa4a61c923f2d100f0c866ee7d4c5') in 0.032033 seconds 
========================================================================
Received Import Request.
  Time since last request: 2.563006 seconds.
  path: Assets/Assets/Materials/Materials/cement - Copy.mat
  artifactKey: Guid(ee28d20317f3f164c9639c3536331694) Importer(815301076,1909f56bfc062723c751e8b465ee728b)
Start importing Assets/Assets/Materials/Materials/cement - Copy.mat using Guid(ee28d20317f3f164c9639c3536331694) Importer(815301076,1909f56bfc062723c751e8b465ee728b)  -> (artifact id: 'd78a8662d9188bb8835ee72aa5284c1d') in 0.016424 seconds 
========================================================================
Received Import Request.
  Time since last request: 265.287480 seconds.
  path: Assets/Assets/Materials/cement.mat
  artifactKey: Guid(8c94da122a424c34e81543139b65cc6a) Importer(815301076,1909f56bfc062723c751e8b465ee728b)
Start importing Assets/Assets/Materials/cement.mat using Guid(8c94da122a424c34e81543139b65cc6a) Importer(815301076,1909f56bfc062723c751e8b465ee728b)  -> (artifact id: '0c6e58cd49c65a0e23d4fa06e7d51863') in 0.024206 seconds 
========================================================================
Received Import Request.
  Time since last request: 2.205717 seconds.
  path: Assets/Assets/Prefabs/Stairs.prefab
  artifactKey: Guid(05b34bda2c955334bbfe3a1067710d9c) Importer(815301076,1909f56bfc062723c751e8b465ee728b)
Start importing Assets/Assets/Prefabs/Stairs.prefab using Guid(05b34bda2c955334bbfe3a1067710d9c) Importer(815301076,1909f56bfc062723c751e8b465ee728b)  -> (artifact id: 'b4b8e7f4eb9956745ac1f7f7100fe36f') in 0.021979 seconds 
========================================================================
Received Import Request.
  Time since last request: 1385.854210 seconds.
  path: Assets/Assets/gradient.jpg
  artifactKey: Guid(dd1645d67c1a63e41925ce283ae452e7) Importer(815301076,1909f56bfc062723c751e8b465ee728b)
Start importing Assets/Assets/gradient.jpg using Guid(dd1645d67c1a63e41925ce283ae452e7) Importer(815301076,1909f56bfc062723c751e8b465ee728b)  -> (artifact id: '7f9d1000a4d68436dfabde12243b25e1') in 0.099597 seconds 
========================================================================
Received Import Request.
  Time since last request: 0.000199 seconds.
  path: Assets/Assets/purple.png
  artifactKey: Guid(17ee4fc1e7bc831419a0a1581f1d961b) Importer(815301076,1909f56bfc062723c751e8b465ee728b)
Start importing Assets/Assets/purple.png using Guid(17ee4fc1e7bc831419a0a1581f1d961b) Importer(815301076,1909f56bfc062723c751e8b465ee728b)  -> (artifact id: '1140ca34c4cf53c3a2e36dbf0f5c03a4') in 0.054956 seconds 
========================================================================
Received Import Request.
  Time since last request: 0.000098 seconds.
  path: Assets/Assets/yellow.png
  artifactKey: Guid(56b56e7e808e8804eaef440556de43b9) Importer(815301076,1909f56bfc062723c751e8b465ee728b)
Start importing Assets/Assets/yellow.png using Guid(56b56e7e808e8804eaef440556de43b9) Importer(815301076,1909f56bfc062723c751e8b465ee728b)  -> (artifact id: '8f2d67b25d135710f4b1b4d4b8db925d') in 0.046109 seconds 
========================================================================
Received Import Request.
  Time since last request: 1030.044308 seconds.
  path: Assets/Assets/Materials/purple.mat
  artifactKey: Guid(38f5c26971929644fa86d3913f04863d) Importer(815301076,1909f56bfc062723c751e8b465ee728b)
Start importing Assets/Assets/Materials/purple.mat using Guid(38f5c26971929644fa86d3913f04863d) Importer(815301076,1909f56bfc062723c751e8b465ee728b)  -> (artifact id: '42cdcf1642c4c7303b047f8e3f9a458c') in 0.104324 seconds 
========================================================================
Received Import Request.
  Time since last request: 7.301488 seconds.
  path: Assets/Assets/grass2.0.jpg
  artifactKey: Guid(4b7c647f40d624b47b082e263d248097) Importer(815301076,1909f56bfc062723c751e8b465ee728b)
Start importing Assets/Assets/grass2.0.jpg using Guid(4b7c647f40d624b47b082e263d248097) Importer(815301076,1909f56bfc062723c751e8b465ee728b)  -> (artifact id: 'f2bf1e70a5c590357293ed4f43fe9d09') in 0.111775 seconds 
========================================================================
Received Import Request.
  Time since last request: 14.555076 seconds.
  path: Assets/Assets/Materials/grass2.0.mat
  artifactKey: Guid(8e3988fa38fc8ff4b9cb678675622e63) Importer(815301076,1909f56bfc062723c751e8b465ee728b)
Start importing Assets/Assets/Materials/grass2.0.mat using Guid(8e3988fa38fc8ff4b9cb678675622e63) Importer(815301076,1909f56bfc062723c751e8b465ee728b)  -> (artifact id: 'b03bd38838962366d06cc0bfebfe55db') in 0.043895 seconds 
